2025-03-23 00:41:00,761 - INFO - testing_goldens_mak - testing_goldens_mak.py:90 - Loading Chunks from Knowledge Base
2025-03-23 00:41:37,908 - INFO - testing_goldens_mak - testing_goldens_mak.py:117 - Loaded total of 2502 Chunks
2025-03-23 00:41:41,679 - INFO - _client - _client.py:1025 - HTTP Request: POST http://localhost:11434/api/chat "HTTP/1.1 200 OK"
2025-03-23 00:41:42,870 - INFO - _client - _client.py:1025 - HTTP Request: POST http://localhost:11434/api/chat "HTTP/1.1 200 OK"
2025-03-23 00:41:44,168 - INFO - _client - _client.py:1025 - HTTP Request: POST http://localhost:11434/api/chat "HTTP/1.1 200 OK"
2025-03-23 00:41:45,090 - INFO - _client - _client.py:1025 - HTTP Request: POST http://localhost:11434/api/chat "HTTP/1.1 200 OK"
2025-03-23 00:41:46,106 - INFO - _client - _client.py:1025 - HTTP Request: POST http://localhost:11434/api/chat "HTTP/1.1 200 OK"
2025-03-23 00:41:48,073 - INFO - _client - _client.py:1025 - HTTP Request: POST http://localhost:11434/api/chat "HTTP/1.1 200 OK"
2025-03-23 00:41:49,081 - INFO - _client - _client.py:1025 - HTTP Request: POST http://localhost:11434/api/chat "HTTP/1.1 200 OK"
2025-03-23 00:41:49,947 - INFO - _client - _client.py:1025 - HTTP Request: POST http://localhost:11434/api/chat "HTTP/1.1 200 OK"
2025-03-23 00:41:51,508 - INFO - _client - _client.py:1025 - HTTP Request: POST http://localhost:11434/api/chat "HTTP/1.1 200 OK"
2025-03-23 00:41:52,979 - INFO - _client - _client.py:1025 - HTTP Request: POST http://localhost:11434/api/chat "HTTP/1.1 200 OK"
2025-03-23 00:41:55,063 - INFO - _client - _client.py:1025 - HTTP Request: POST http://localhost:11434/api/chat "HTTP/1.1 200 OK"
2025-03-23 00:41:56,188 - INFO - _client - _client.py:1025 - HTTP Request: POST http://localhost:11434/api/chat "HTTP/1.1 200 OK"
2025-03-23 00:41:57,508 - INFO - _client - _client.py:1025 - HTTP Request: POST http://localhost:11434/api/chat "HTTP/1.1 200 OK"
2025-03-23 00:41:58,675 - INFO - _client - _client.py:1025 - HTTP Request: POST http://localhost:11434/api/chat "HTTP/1.1 200 OK"
2025-03-23 00:42:00,233 - INFO - _client - _client.py:1025 - HTTP Request: POST http://localhost:11434/api/chat "HTTP/1.1 200 OK"
2025-03-23 00:42:01,315 - INFO - _client - _client.py:1025 - HTTP Request: POST http://localhost:11434/api/chat "HTTP/1.1 200 OK"
2025-03-23 00:42:02,394 - INFO - _client - _client.py:1025 - HTTP Request: POST http://localhost:11434/api/chat "HTTP/1.1 200 OK"
2025-03-23 00:42:04,665 - INFO - _client - _client.py:1025 - HTTP Request: POST http://localhost:11434/api/chat "HTTP/1.1 200 OK"
2025-03-23 00:42:05,549 - INFO - _client - _client.py:1025 - HTTP Request: POST http://localhost:11434/api/chat "HTTP/1.1 200 OK"
2025-03-23 00:42:07,032 - INFO - _client - _client.py:1025 - HTTP Request: POST http://localhost:11434/api/chat "HTTP/1.1 200 OK"
2025-03-23 00:42:08,058 - INFO - _client - _client.py:1025 - HTTP Request: POST http://localhost:11434/api/chat "HTTP/1.1 200 OK"
2025-03-23 00:42:08,941 - INFO - _client - _client.py:1025 - HTTP Request: POST http://localhost:11434/api/chat "HTTP/1.1 200 OK"
2025-03-23 00:42:11,047 - INFO - _client - _client.py:1025 - HTTP Request: POST http://localhost:11434/api/chat "HTTP/1.1 200 OK"
2025-03-23 00:42:12,435 - INFO - _client - _client.py:1025 - HTTP Request: POST http://localhost:11434/api/chat "HTTP/1.1 200 OK"
2025-03-23 00:42:14,050 - INFO - _client - _client.py:1025 - HTTP Request: POST http://localhost:11434/api/chat "HTTP/1.1 200 OK"
2025-03-23 00:42:15,032 - INFO - _client - _client.py:1025 - HTTP Request: POST http://localhost:11434/api/chat "HTTP/1.1 200 OK"
2025-03-23 00:42:16,884 - INFO - _client - _client.py:1025 - HTTP Request: POST http://localhost:11434/api/chat "HTTP/1.1 200 OK"
2025-03-23 00:42:18,107 - INFO - _client - _client.py:1025 - HTTP Request: POST http://localhost:11434/api/chat "HTTP/1.1 200 OK"
2025-03-23 00:42:20,455 - INFO - _client - _client.py:1025 - HTTP Request: POST http://localhost:11434/api/chat "HTTP/1.1 200 OK"
2025-03-23 00:42:21,475 - INFO - _client - _client.py:1025 - HTTP Request: POST http://localhost:11434/api/chat "HTTP/1.1 200 OK"
2025-03-23 00:42:22,529 - INFO - _client - _client.py:1025 - HTTP Request: POST http://localhost:11434/api/chat "HTTP/1.1 200 OK"
2025-03-23 00:42:23,304 - INFO - _client - _client.py:1025 - HTTP Request: POST http://localhost:11434/api/chat "HTTP/1.1 200 OK"
2025-03-23 00:42:24,903 - INFO - _client - _client.py:1025 - HTTP Request: POST http://localhost:11434/api/chat "HTTP/1.1 200 OK"
2025-03-23 00:42:26,150 - INFO - _client - _client.py:1025 - HTTP Request: POST http://localhost:11434/api/chat "HTTP/1.1 200 OK"
2025-03-23 00:42:27,216 - INFO - _client - _client.py:1025 - HTTP Request: POST http://localhost:11434/api/chat "HTTP/1.1 200 OK"
2025-03-23 00:42:29,457 - INFO - _client - _client.py:1025 - HTTP Request: POST http://localhost:11434/api/chat "HTTP/1.1 200 OK"
2025-03-23 00:42:30,665 - INFO - _client - _client.py:1025 - HTTP Request: POST http://localhost:11434/api/chat "HTTP/1.1 200 OK"
2025-03-23 00:42:32,371 - INFO - _client - _client.py:1025 - HTTP Request: POST http://localhost:11434/api/chat "HTTP/1.1 200 OK"
2025-03-23 00:42:33,591 - INFO - _client - _client.py:1025 - HTTP Request: POST http://localhost:11434/api/chat "HTTP/1.1 200 OK"
2025-03-23 00:42:34,306 - INFO - _client - _client.py:1025 - HTTP Request: POST http://localhost:11434/api/chat "HTTP/1.1 200 OK"
2025-03-23 00:42:35,091 - INFO - _client - _client.py:1025 - HTTP Request: POST http://localhost:11434/api/chat "HTTP/1.1 200 OK"
2025-03-23 00:42:36,915 - INFO - _client - _client.py:1025 - HTTP Request: POST http://localhost:11434/api/chat "HTTP/1.1 200 OK"
2025-03-23 00:42:38,268 - INFO - _client - _client.py:1025 - HTTP Request: POST http://localhost:11434/api/chat "HTTP/1.1 200 OK"
2025-03-23 00:42:39,206 - INFO - _client - _client.py:1025 - HTTP Request: POST http://localhost:11434/api/chat "HTTP/1.1 200 OK"
2025-03-23 00:42:41,853 - INFO - _client - _client.py:1025 - HTTP Request: POST http://localhost:11434/api/chat "HTTP/1.1 200 OK"
2025-03-23 00:42:42,998 - INFO - _client - _client.py:1025 - HTTP Request: POST http://localhost:11434/api/chat "HTTP/1.1 200 OK"
2025-03-23 00:42:44,455 - INFO - _client - _client.py:1025 - HTTP Request: POST http://localhost:11434/api/chat "HTTP/1.1 200 OK"
2025-03-23 00:42:45,094 - INFO - _client - _client.py:1025 - HTTP Request: POST http://localhost:11434/api/chat "HTTP/1.1 200 OK"
2025-03-23 00:42:46,235 - INFO - _client - _client.py:1025 - HTTP Request: POST http://localhost:11434/api/chat "HTTP/1.1 200 OK"
2025-03-23 00:42:47,438 - INFO - _client - _client.py:1025 - HTTP Request: POST http://localhost:11434/api/chat "HTTP/1.1 200 OK"
2025-03-23 00:42:49,318 - INFO - _client - _client.py:1025 - HTTP Request: POST http://localhost:11434/api/chat "HTTP/1.1 200 OK"
2025-03-23 00:42:50,406 - INFO - _client - _client.py:1025 - HTTP Request: POST http://localhost:11434/api/chat "HTTP/1.1 200 OK"
2025-03-23 00:42:51,493 - INFO - _client - _client.py:1025 - HTTP Request: POST http://localhost:11434/api/chat "HTTP/1.1 200 OK"
2025-03-23 00:42:52,346 - INFO - _client - _client.py:1025 - HTTP Request: POST http://localhost:11434/api/chat "HTTP/1.1 200 OK"
2025-03-23 00:42:53,793 - INFO - _client - _client.py:1025 - HTTP Request: POST http://localhost:11434/api/chat "HTTP/1.1 200 OK"
2025-03-23 00:42:55,406 - INFO - _client - _client.py:1025 - HTTP Request: POST http://localhost:11434/api/chat "HTTP/1.1 200 OK"
2025-03-23 00:42:56,419 - INFO - _client - _client.py:1025 - HTTP Request: POST http://localhost:11434/api/chat "HTTP/1.1 200 OK"
2025-03-23 00:42:58,162 - INFO - _client - _client.py:1025 - HTTP Request: POST http://localhost:11434/api/chat "HTTP/1.1 200 OK"
2025-03-23 00:42:59,794 - INFO - _client - _client.py:1025 - HTTP Request: POST http://localhost:11434/api/chat "HTTP/1.1 200 OK"
2025-03-23 00:43:01,644 - INFO - _client - _client.py:1025 - HTTP Request: POST http://localhost:11434/api/chat "HTTP/1.1 200 OK"
2025-03-23 00:43:02,952 - INFO - _client - _client.py:1025 - HTTP Request: POST http://localhost:11434/api/chat "HTTP/1.1 200 OK"
2025-03-23 00:43:04,523 - INFO - _client - _client.py:1025 - HTTP Request: POST http://localhost:11434/api/chat "HTTP/1.1 200 OK"
2025-03-23 00:43:05,399 - INFO - _client - _client.py:1025 - HTTP Request: POST http://localhost:11434/api/chat "HTTP/1.1 200 OK"
2025-03-23 00:43:07,105 - INFO - _client - _client.py:1025 - HTTP Request: POST http://localhost:11434/api/chat "HTTP/1.1 200 OK"
2025-03-23 00:43:08,792 - INFO - _client - _client.py:1025 - HTTP Request: POST http://localhost:11434/api/chat "HTTP/1.1 200 OK"
2025-03-23 00:43:09,747 - INFO - _client - _client.py:1025 - HTTP Request: POST http://localhost:11434/api/chat "HTTP/1.1 200 OK"
2025-03-23 00:43:13,216 - INFO - _client - _client.py:1025 - HTTP Request: POST http://localhost:11434/api/chat "HTTP/1.1 200 OK"
2025-03-23 00:43:14,535 - INFO - _client - _client.py:1025 - HTTP Request: POST http://localhost:11434/api/chat "HTTP/1.1 200 OK"
2025-03-23 00:43:16,441 - INFO - _client - _client.py:1025 - HTTP Request: POST http://localhost:11434/api/chat "HTTP/1.1 200 OK"
2025-03-23 00:43:17,879 - INFO - _client - _client.py:1025 - HTTP Request: POST http://localhost:11434/api/chat "HTTP/1.1 200 OK"
2025-03-23 00:43:18,921 - INFO - _client - _client.py:1025 - HTTP Request: POST http://localhost:11434/api/chat "HTTP/1.1 200 OK"
2025-03-23 00:43:19,856 - INFO - _client - _client.py:1025 - HTTP Request: POST http://localhost:11434/api/chat "HTTP/1.1 200 OK"
2025-03-23 00:43:20,580 - INFO - _client - _client.py:1025 - HTTP Request: POST http://localhost:11434/api/chat "HTTP/1.1 200 OK"
2025-03-23 00:43:22,309 - INFO - _client - _client.py:1025 - HTTP Request: POST http://localhost:11434/api/chat "HTTP/1.1 200 OK"
2025-03-23 00:43:23,649 - INFO - _client - _client.py:1025 - HTTP Request: POST http://localhost:11434/api/chat "HTTP/1.1 200 OK"
2025-03-23 00:43:25,583 - INFO - _client - _client.py:1025 - HTTP Request: POST http://localhost:11434/api/chat "HTTP/1.1 200 OK"
2025-03-23 00:43:26,544 - INFO - _client - _client.py:1025 - HTTP Request: POST http://localhost:11434/api/chat "HTTP/1.1 200 OK"
2025-03-23 00:43:28,470 - INFO - _client - _client.py:1025 - HTTP Request: POST http://localhost:11434/api/chat "HTTP/1.1 200 OK"
2025-03-23 00:43:29,441 - INFO - _client - _client.py:1025 - HTTP Request: POST http://localhost:11434/api/chat "HTTP/1.1 200 OK"
2025-03-23 00:43:31,238 - INFO - _client - _client.py:1025 - HTTP Request: POST http://localhost:11434/api/chat "HTTP/1.1 200 OK"
2025-03-23 00:43:32,266 - INFO - _client - _client.py:1025 - HTTP Request: POST http://localhost:11434/api/chat "HTTP/1.1 200 OK"
2025-03-23 00:43:33,097 - INFO - _client - _client.py:1025 - HTTP Request: POST http://localhost:11434/api/chat "HTTP/1.1 200 OK"
2025-03-23 00:43:37,282 - INFO - _client - _client.py:1025 - HTTP Request: POST http://localhost:11434/api/chat "HTTP/1.1 200 OK"
2025-03-23 00:43:38,473 - INFO - _client - _client.py:1025 - HTTP Request: POST http://localhost:11434/api/chat "HTTP/1.1 200 OK"
2025-03-23 00:43:39,979 - INFO - _client - _client.py:1025 - HTTP Request: POST http://localhost:11434/api/chat "HTTP/1.1 200 OK"
2025-03-23 00:43:40,876 - INFO - _client - _client.py:1025 - HTTP Request: POST http://localhost:11434/api/chat "HTTP/1.1 200 OK"
2025-03-23 00:43:42,849 - INFO - _client - _client.py:1025 - HTTP Request: POST http://localhost:11434/api/chat "HTTP/1.1 200 OK"
2025-03-23 00:43:43,781 - INFO - _client - _client.py:1025 - HTTP Request: POST http://localhost:11434/api/chat "HTTP/1.1 200 OK"
2025-03-23 00:43:45,606 - INFO - _client - _client.py:1025 - HTTP Request: POST http://localhost:11434/api/chat "HTTP/1.1 200 OK"
2025-03-23 00:43:46,738 - INFO - _client - _client.py:1025 - HTTP Request: POST http://localhost:11434/api/chat "HTTP/1.1 200 OK"
2025-03-23 00:43:47,861 - INFO - _client - _client.py:1025 - HTTP Request: POST http://localhost:11434/api/chat "HTTP/1.1 200 OK"
2025-03-23 00:43:48,727 - INFO - _client - _client.py:1025 - HTTP Request: POST http://localhost:11434/api/chat "HTTP/1.1 200 OK"
2025-03-23 00:43:51,193 - INFO - _client - _client.py:1025 - HTTP Request: POST http://localhost:11434/api/chat "HTTP/1.1 200 OK"
2025-03-23 00:43:52,437 - INFO - _client - _client.py:1025 - HTTP Request: POST http://localhost:11434/api/chat "HTTP/1.1 200 OK"
2025-03-23 00:43:53,286 - INFO - _client - _client.py:1025 - HTTP Request: POST http://localhost:11434/api/chat "HTTP/1.1 200 OK"
2025-03-23 00:43:54,737 - INFO - _client - _client.py:1025 - HTTP Request: POST http://localhost:11434/api/chat "HTTP/1.1 200 OK"
2025-03-23 00:43:55,974 - INFO - _client - _client.py:1025 - HTTP Request: POST http://localhost:11434/api/chat "HTTP/1.1 200 OK"
2025-03-23 00:43:57,253 - INFO - _client - _client.py:1025 - HTTP Request: POST http://localhost:11434/api/chat "HTTP/1.1 200 OK"
2025-03-23 00:43:58,691 - INFO - _client - _client.py:1025 - HTTP Request: POST http://localhost:11434/api/chat "HTTP/1.1 200 OK"
2025-03-23 00:44:00,310 - INFO - _client - _client.py:1025 - HTTP Request: POST http://localhost:11434/api/chat "HTTP/1.1 200 OK"
2025-03-23 00:44:01,257 - INFO - _client - _client.py:1025 - HTTP Request: POST http://localhost:11434/api/chat "HTTP/1.1 200 OK"
2025-03-23 00:44:03,269 - INFO - _client - _client.py:1025 - HTTP Request: POST http://localhost:11434/api/chat "HTTP/1.1 200 OK"
2025-03-23 00:44:04,262 - INFO - _client - _client.py:1025 - HTTP Request: POST http://localhost:11434/api/chat "HTTP/1.1 200 OK"
2025-03-23 00:44:05,035 - INFO - _client - _client.py:1025 - HTTP Request: POST http://localhost:11434/api/chat "HTTP/1.1 200 OK"
2025-03-23 00:44:06,609 - INFO - _client - _client.py:1025 - HTTP Request: POST http://localhost:11434/api/chat "HTTP/1.1 200 OK"
2025-03-23 00:44:07,826 - INFO - _client - _client.py:1025 - HTTP Request: POST http://localhost:11434/api/chat "HTTP/1.1 200 OK"
2025-03-23 00:44:09,359 - INFO - _client - _client.py:1025 - HTTP Request: POST http://localhost:11434/api/chat "HTTP/1.1 200 OK"
2025-03-23 00:44:10,367 - INFO - _client - _client.py:1025 - HTTP Request: POST http://localhost:11434/api/chat "HTTP/1.1 200 OK"
2025-03-23 00:44:11,361 - INFO - _client - _client.py:1025 - HTTP Request: POST http://localhost:11434/api/chat "HTTP/1.1 200 OK"
2025-03-23 00:44:12,219 - INFO - _client - _client.py:1025 - HTTP Request: POST http://localhost:11434/api/chat "HTTP/1.1 200 OK"
2025-03-23 00:44:13,905 - INFO - _client - _client.py:1025 - HTTP Request: POST http://localhost:11434/api/chat "HTTP/1.1 200 OK"
2025-03-23 00:44:15,000 - INFO - _client - _client.py:1025 - HTTP Request: POST http://localhost:11434/api/chat "HTTP/1.1 200 OK"
2025-03-23 00:44:15,860 - INFO - _client - _client.py:1025 - HTTP Request: POST http://localhost:11434/api/chat "HTTP/1.1 200 OK"
2025-03-23 00:44:17,944 - INFO - _client - _client.py:1025 - HTTP Request: POST http://localhost:11434/api/chat "HTTP/1.1 200 OK"
2025-03-23 00:44:19,414 - INFO - _client - _client.py:1025 - HTTP Request: POST http://localhost:11434/api/chat "HTTP/1.1 200 OK"
2025-03-23 00:44:21,112 - INFO - _client - _client.py:1025 - HTTP Request: POST http://localhost:11434/api/chat "HTTP/1.1 200 OK"
2025-03-23 00:44:22,289 - INFO - _client - _client.py:1025 - HTTP Request: POST http://localhost:11434/api/chat "HTTP/1.1 200 OK"
2025-03-23 00:44:24,355 - INFO - _client - _client.py:1025 - HTTP Request: POST http://localhost:11434/api/chat "HTTP/1.1 200 OK"
2025-03-23 00:44:25,735 - INFO - _client - _client.py:1025 - HTTP Request: POST http://localhost:11434/api/chat "HTTP/1.1 200 OK"
2025-03-23 00:44:28,356 - INFO - _client - _client.py:1025 - HTTP Request: POST http://localhost:11434/api/chat "HTTP/1.1 200 OK"
2025-03-23 00:44:29,564 - INFO - _client - _client.py:1025 - HTTP Request: POST http://localhost:11434/api/chat "HTTP/1.1 200 OK"
2025-03-23 00:44:30,867 - INFO - _client - _client.py:1025 - HTTP Request: POST http://localhost:11434/api/chat "HTTP/1.1 200 OK"
2025-03-23 00:44:35,737 - INFO - _client - _client.py:1025 - HTTP Request: POST http://localhost:11434/api/chat "HTTP/1.1 200 OK"
2025-03-23 00:44:36,093 - INFO - testing_goldens_mak - testing_goldens_mak.py:210 - Testing Attack @ 2025-03-23 00:44:36.093092+08:00
2025-03-23 00:44:37,760 - INFO - _client - _client.py:1025 - HTTP Request: POST http://localhost:11434/api/chat "HTTP/1.1 200 OK"
2025-03-23 00:44:38,180 - INFO - _client - _client.py:1025 - HTTP Request: POST http://localhost:11434/api/chat "HTTP/1.1 200 OK"
2025-03-23 00:44:38,635 - INFO - _client - _client.py:1025 - HTTP Request: POST http://localhost:11434/api/chat "HTTP/1.1 200 OK"
2025-03-23 00:44:41,675 - INFO - _client - _client.py:1025 - HTTP Request: POST http://localhost:11434/api/chat "HTTP/1.1 200 OK"
2025-03-23 00:44:42,145 - INFO - _client - _client.py:1025 - HTTP Request: POST http://localhost:11434/api/chat "HTTP/1.1 200 OK"
2025-03-23 00:44:42,649 - INFO - _client - _client.py:1025 - HTTP Request: POST http://localhost:11434/api/chat "HTTP/1.1 200 OK"
2025-03-23 00:44:45,820 - INFO - _client - _client.py:1025 - HTTP Request: POST http://localhost:11434/api/chat "HTTP/1.1 200 OK"
2025-03-23 00:44:46,242 - INFO - _client - _client.py:1025 - HTTP Request: POST http://localhost:11434/api/chat "HTTP/1.1 200 OK"
2025-03-23 00:44:46,746 - INFO - _client - _client.py:1025 - HTTP Request: POST http://localhost:11434/api/chat "HTTP/1.1 200 OK"
2025-03-23 00:44:50,125 - INFO - _client - _client.py:1025 - HTTP Request: POST http://localhost:11434/api/chat "HTTP/1.1 200 OK"
2025-03-23 00:44:50,597 - INFO - _client - _client.py:1025 - HTTP Request: POST http://localhost:11434/api/chat "HTTP/1.1 200 OK"
2025-03-23 00:44:51,128 - INFO - _client - _client.py:1025 - HTTP Request: POST http://localhost:11434/api/chat "HTTP/1.1 200 OK"
2025-03-23 00:44:54,447 - INFO - _client - _client.py:1025 - HTTP Request: POST http://localhost:11434/api/chat "HTTP/1.1 200 OK"
2025-03-23 00:44:54,878 - INFO - _client - _client.py:1025 - HTTP Request: POST http://localhost:11434/api/chat "HTTP/1.1 200 OK"
2025-03-23 00:44:55,424 - INFO - _client - _client.py:1025 - HTTP Request: POST http://localhost:11434/api/chat "HTTP/1.1 200 OK"
2025-03-23 00:44:56,138 - INFO - _client - _client.py:1025 - HTTP Request: POST http://localhost:11434/api/chat "HTTP/1.1 200 OK"
2025-03-23 00:44:56,553 - INFO - _client - _client.py:1025 - HTTP Request: POST http://localhost:11434/api/chat "HTTP/1.1 200 OK"
2025-03-23 00:44:56,971 - INFO - _client - _client.py:1025 - HTTP Request: POST http://localhost:11434/api/chat "HTTP/1.1 200 OK"
2025-03-23 00:44:57,891 - INFO - _client - _client.py:1025 - HTTP Request: POST http://localhost:11434/api/chat "HTTP/1.1 200 OK"
2025-03-23 00:44:58,277 - INFO - _client - _client.py:1025 - HTTP Request: POST http://localhost:11434/api/chat "HTTP/1.1 200 OK"
2025-03-23 00:44:58,709 - INFO - _client - _client.py:1025 - HTTP Request: POST http://localhost:11434/api/chat "HTTP/1.1 200 OK"
2025-03-23 00:44:59,673 - INFO - _client - _client.py:1025 - HTTP Request: POST http://localhost:11434/api/chat "HTTP/1.1 200 OK"
2025-03-23 00:45:00,084 - INFO - _client - _client.py:1025 - HTTP Request: POST http://localhost:11434/api/chat "HTTP/1.1 200 OK"
2025-03-23 00:45:00,507 - INFO - _client - _client.py:1025 - HTTP Request: POST http://localhost:11434/api/chat "HTTP/1.1 200 OK"
2025-03-23 00:45:01,209 - INFO - _client - _client.py:1025 - HTTP Request: POST http://localhost:11434/api/chat "HTTP/1.1 200 OK"
2025-03-23 00:45:01,576 - INFO - _client - _client.py:1025 - HTTP Request: POST http://localhost:11434/api/chat "HTTP/1.1 200 OK"
2025-03-23 00:45:01,982 - INFO - _client - _client.py:1025 - HTTP Request: POST http://localhost:11434/api/chat "HTTP/1.1 200 OK"
2025-03-23 00:45:02,784 - INFO - _client - _client.py:1025 - HTTP Request: POST http://localhost:11434/api/chat "HTTP/1.1 200 OK"
2025-03-23 00:45:03,210 - INFO - _client - _client.py:1025 - HTTP Request: POST http://localhost:11434/api/chat "HTTP/1.1 200 OK"
2025-03-23 00:45:03,634 - INFO - _client - _client.py:1025 - HTTP Request: POST http://localhost:11434/api/chat "HTTP/1.1 200 OK"
2025-03-23 00:45:07,253 - INFO - _client - _client.py:1025 - HTTP Request: POST http://localhost:11434/api/chat "HTTP/1.1 200 OK"
2025-03-23 00:45:07,699 - INFO - _client - _client.py:1025 - HTTP Request: POST http://localhost:11434/api/chat "HTTP/1.1 200 OK"
2025-03-23 00:45:08,260 - INFO - _client - _client.py:1025 - HTTP Request: POST http://localhost:11434/api/chat "HTTP/1.1 200 OK"
2025-03-23 00:45:12,088 - INFO - _client - _client.py:1025 - HTTP Request: POST http://localhost:11434/api/chat "HTTP/1.1 200 OK"
2025-03-23 00:45:12,550 - INFO - _client - _client.py:1025 - HTTP Request: POST http://localhost:11434/api/chat "HTTP/1.1 200 OK"
2025-03-23 00:45:13,105 - INFO - _client - _client.py:1025 - HTTP Request: POST http://localhost:11434/api/chat "HTTP/1.1 200 OK"
2025-03-23 00:45:16,650 - INFO - _client - _client.py:1025 - HTTP Request: POST http://localhost:11434/api/chat "HTTP/1.1 200 OK"
2025-03-23 00:45:17,070 - INFO - _client - _client.py:1025 - HTTP Request: POST http://localhost:11434/api/chat "HTTP/1.1 200 OK"
2025-03-23 00:45:17,607 - INFO - _client - _client.py:1025 - HTTP Request: POST http://localhost:11434/api/chat "HTTP/1.1 200 OK"
2025-03-23 00:45:21,048 - INFO - _client - _client.py:1025 - HTTP Request: POST http://localhost:11434/api/chat "HTTP/1.1 200 OK"
2025-03-23 00:45:21,474 - INFO - _client - _client.py:1025 - HTTP Request: POST http://localhost:11434/api/chat "HTTP/1.1 200 OK"
2025-03-23 00:45:22,003 - INFO - _client - _client.py:1025 - HTTP Request: POST http://localhost:11434/api/chat "HTTP/1.1 200 OK"
2025-03-23 00:45:25,831 - INFO - _client - _client.py:1025 - HTTP Request: POST http://localhost:11434/api/chat "HTTP/1.1 200 OK"
2025-03-23 00:45:26,294 - INFO - _client - _client.py:1025 - HTTP Request: POST http://localhost:11434/api/chat "HTTP/1.1 200 OK"
2025-03-23 00:45:26,854 - INFO - _client - _client.py:1025 - HTTP Request: POST http://localhost:11434/api/chat "HTTP/1.1 200 OK"
2025-03-23 00:45:30,651 - INFO - _client - _client.py:1025 - HTTP Request: POST http://localhost:11434/api/chat "HTTP/1.1 200 OK"
2025-03-23 00:45:31,124 - INFO - _client - _client.py:1025 - HTTP Request: POST http://localhost:11434/api/chat "HTTP/1.1 200 OK"
2025-03-23 00:45:31,687 - INFO - _client - _client.py:1025 - HTTP Request: POST http://localhost:11434/api/chat "HTTP/1.1 200 OK"
2025-03-23 00:45:34,773 - INFO - _client - _client.py:1025 - HTTP Request: POST http://localhost:11434/api/chat "HTTP/1.1 200 OK"
2025-03-23 00:45:35,242 - INFO - _client - _client.py:1025 - HTTP Request: POST http://localhost:11434/api/chat "HTTP/1.1 200 OK"
2025-03-23 00:45:35,742 - INFO - _client - _client.py:1025 - HTTP Request: POST http://localhost:11434/api/chat "HTTP/1.1 200 OK"
2025-03-23 00:45:39,630 - INFO - _client - _client.py:1025 - HTTP Request: POST http://localhost:11434/api/chat "HTTP/1.1 200 OK"
2025-03-23 00:45:40,112 - INFO - _client - _client.py:1025 - HTTP Request: POST http://localhost:11434/api/chat "HTTP/1.1 200 OK"
2025-03-23 00:45:40,690 - INFO - _client - _client.py:1025 - HTTP Request: POST http://localhost:11434/api/chat "HTTP/1.1 200 OK"
2025-03-23 00:45:44,279 - INFO - _client - _client.py:1025 - HTTP Request: POST http://localhost:11434/api/chat "HTTP/1.1 200 OK"
2025-03-23 00:45:44,764 - INFO - _client - _client.py:1025 - HTTP Request: POST http://localhost:11434/api/chat "HTTP/1.1 200 OK"
2025-03-23 00:45:45,325 - INFO - _client - _client.py:1025 - HTTP Request: POST http://localhost:11434/api/chat "HTTP/1.1 200 OK"
2025-03-23 00:45:48,540 - INFO - _client - _client.py:1025 - HTTP Request: POST http://localhost:11434/api/chat "HTTP/1.1 200 OK"
2025-03-23 00:45:48,957 - INFO - _client - _client.py:1025 - HTTP Request: POST http://localhost:11434/api/chat "HTTP/1.1 200 OK"
2025-03-23 00:45:49,470 - INFO - _client - _client.py:1025 - HTTP Request: POST http://localhost:11434/api/chat "HTTP/1.1 200 OK"
2025-03-23 00:45:50,504 - INFO - _client - _client.py:1025 - HTTP Request: POST http://localhost:11434/api/chat "HTTP/1.1 200 OK"
2025-03-23 00:45:50,871 - INFO - _client - _client.py:1025 - HTTP Request: POST http://localhost:11434/api/chat "HTTP/1.1 200 OK"
2025-03-23 00:45:51,292 - INFO - _client - _client.py:1025 - HTTP Request: POST http://localhost:11434/api/chat "HTTP/1.1 200 OK"
2025-03-23 00:45:52,112 - INFO - _client - _client.py:1025 - HTTP Request: POST http://localhost:11434/api/chat "HTTP/1.1 200 OK"
2025-03-23 00:45:52,480 - INFO - _client - _client.py:1025 - HTTP Request: POST http://localhost:11434/api/chat "HTTP/1.1 200 OK"
2025-03-23 00:45:52,903 - INFO - _client - _client.py:1025 - HTTP Request: POST http://localhost:11434/api/chat "HTTP/1.1 200 OK"
2025-03-23 00:45:53,917 - INFO - _client - _client.py:1025 - HTTP Request: POST http://localhost:11434/api/chat "HTTP/1.1 200 OK"
2025-03-23 00:45:54,285 - INFO - _client - _client.py:1025 - HTTP Request: POST http://localhost:11434/api/chat "HTTP/1.1 200 OK"
2025-03-23 00:45:54,720 - INFO - _client - _client.py:1025 - HTTP Request: POST http://localhost:11434/api/chat "HTTP/1.1 200 OK"
2025-03-23 00:45:55,899 - INFO - _client - _client.py:1025 - HTTP Request: POST http://localhost:11434/api/chat "HTTP/1.1 200 OK"
2025-03-23 00:45:56,286 - INFO - _client - _client.py:1025 - HTTP Request: POST http://localhost:11434/api/chat "HTTP/1.1 200 OK"
2025-03-23 00:45:56,736 - INFO - _client - _client.py:1025 - HTTP Request: POST http://localhost:11434/api/chat "HTTP/1.1 200 OK"
2025-03-23 00:45:57,375 - INFO - _client - _client.py:1025 - HTTP Request: POST http://localhost:11434/api/chat "HTTP/1.1 200 OK"
2025-03-23 00:45:57,739 - INFO - _client - _client.py:1025 - HTTP Request: POST http://localhost:11434/api/chat "HTTP/1.1 200 OK"
2025-03-23 00:45:58,166 - INFO - _client - _client.py:1025 - HTTP Request: POST http://localhost:11434/api/chat "HTTP/1.1 200 OK"
2025-03-23 00:46:01,602 - INFO - _client - _client.py:1025 - HTTP Request: POST http://localhost:11434/api/chat "HTTP/1.1 200 OK"
2025-03-23 00:46:02,022 - INFO - _client - _client.py:1025 - HTTP Request: POST http://localhost:11434/api/chat "HTTP/1.1 200 OK"
2025-03-23 00:46:02,586 - INFO - _client - _client.py:1025 - HTTP Request: POST http://localhost:11434/api/chat "HTTP/1.1 200 OK"
2025-03-23 00:46:06,398 - INFO - _client - _client.py:1025 - HTTP Request: POST http://localhost:11434/api/chat "HTTP/1.1 200 OK"
2025-03-23 00:46:06,894 - INFO - _client - _client.py:1025 - HTTP Request: POST http://localhost:11434/api/chat "HTTP/1.1 200 OK"
2025-03-23 00:46:07,455 - INFO - _client - _client.py:1025 - HTTP Request: POST http://localhost:11434/api/chat "HTTP/1.1 200 OK"
2025-03-23 00:46:10,951 - INFO - _client - _client.py:1025 - HTTP Request: POST http://localhost:11434/api/chat "HTTP/1.1 200 OK"
2025-03-23 00:46:11,387 - INFO - _client - _client.py:1025 - HTTP Request: POST http://localhost:11434/api/chat "HTTP/1.1 200 OK"
2025-03-23 00:46:11,934 - INFO - _client - _client.py:1025 - HTTP Request: POST http://localhost:11434/api/chat "HTTP/1.1 200 OK"
2025-03-23 00:46:15,742 - INFO - _client - _client.py:1025 - HTTP Request: POST http://localhost:11434/api/chat "HTTP/1.1 200 OK"
2025-03-23 00:46:16,218 - INFO - _client - _client.py:1025 - HTTP Request: POST http://localhost:11434/api/chat "HTTP/1.1 200 OK"
2025-03-23 00:46:16,777 - INFO - _client - _client.py:1025 - HTTP Request: POST http://localhost:11434/api/chat "HTTP/1.1 200 OK"
2025-03-23 00:46:20,805 - INFO - _client - _client.py:1025 - HTTP Request: POST http://localhost:11434/api/chat "HTTP/1.1 200 OK"
2025-03-23 00:46:21,305 - INFO - _client - _client.py:1025 - HTTP Request: POST http://localhost:11434/api/chat "HTTP/1.1 200 OK"
2025-03-23 00:46:21,956 - INFO - _client - _client.py:1025 - HTTP Request: POST http://localhost:11434/api/chat "HTTP/1.1 200 OK"
2025-03-23 00:46:26,828 - INFO - _client - _client.py:1025 - HTTP Request: POST http://localhost:11434/api/chat "HTTP/1.1 200 OK"
2025-03-23 00:46:27,450 - INFO - _client - _client.py:1025 - HTTP Request: POST http://localhost:11434/api/chat "HTTP/1.1 200 OK"
2025-03-23 00:46:28,076 - INFO - _client - _client.py:1025 - HTTP Request: POST http://localhost:11434/api/chat "HTTP/1.1 200 OK"
2025-03-23 00:46:32,079 - INFO - _client - _client.py:1025 - HTTP Request: POST http://localhost:11434/api/chat "HTTP/1.1 200 OK"
2025-03-23 00:46:32,549 - INFO - _client - _client.py:1025 - HTTP Request: POST http://localhost:11434/api/chat "HTTP/1.1 200 OK"
2025-03-23 00:46:33,188 - INFO - _client - _client.py:1025 - HTTP Request: POST http://localhost:11434/api/chat "HTTP/1.1 200 OK"
2025-03-23 00:46:36,925 - INFO - _client - _client.py:1025 - HTTP Request: POST http://localhost:11434/api/chat "HTTP/1.1 200 OK"
2025-03-23 00:46:37,385 - INFO - _client - _client.py:1025 - HTTP Request: POST http://localhost:11434/api/chat "HTTP/1.1 200 OK"
2025-03-23 00:46:37,947 - INFO - _client - _client.py:1025 - HTTP Request: POST http://localhost:11434/api/chat "HTTP/1.1 200 OK"
2025-03-23 00:46:41,654 - INFO - _client - _client.py:1025 - HTTP Request: POST http://localhost:11434/api/chat "HTTP/1.1 200 OK"
2025-03-23 00:46:42,114 - INFO - _client - _client.py:1025 - HTTP Request: POST http://localhost:11434/api/chat "HTTP/1.1 200 OK"
2025-03-23 00:46:42,677 - INFO - _client - _client.py:1025 - HTTP Request: POST http://localhost:11434/api/chat "HTTP/1.1 200 OK"
2025-03-23 00:46:46,437 - INFO - _client - _client.py:1025 - HTTP Request: POST http://localhost:11434/api/chat "HTTP/1.1 200 OK"
2025-03-23 00:46:46,911 - INFO - _client - _client.py:1025 - HTTP Request: POST http://localhost:11434/api/chat "HTTP/1.1 200 OK"
2025-03-23 00:46:47,468 - INFO - _client - _client.py:1025 - HTTP Request: POST http://localhost:11434/api/chat "HTTP/1.1 200 OK"
2025-03-23 00:46:48,166 - INFO - _client - _client.py:1025 - HTTP Request: POST http://localhost:11434/api/chat "HTTP/1.1 200 OK"
2025-03-23 00:46:48,538 - INFO - _client - _client.py:1025 - HTTP Request: POST http://localhost:11434/api/chat "HTTP/1.1 200 OK"
2025-03-23 00:46:48,944 - INFO - _client - _client.py:1025 - HTTP Request: POST http://localhost:11434/api/chat "HTTP/1.1 200 OK"
2025-03-23 00:46:49,855 - INFO - _client - _client.py:1025 - HTTP Request: POST http://localhost:11434/api/chat "HTTP/1.1 200 OK"
2025-03-23 00:46:50,224 - INFO - _client - _client.py:1025 - HTTP Request: POST http://localhost:11434/api/chat "HTTP/1.1 200 OK"
2025-03-23 00:46:50,640 - INFO - _client - _client.py:1025 - HTTP Request: POST http://localhost:11434/api/chat "HTTP/1.1 200 OK"
2025-03-23 00:46:51,786 - INFO - _client - _client.py:1025 - HTTP Request: POST http://localhost:11434/api/chat "HTTP/1.1 200 OK"
2025-03-23 00:46:52,153 - INFO - _client - _client.py:1025 - HTTP Request: POST http://localhost:11434/api/chat "HTTP/1.1 200 OK"
2025-03-23 00:46:52,590 - INFO - _client - _client.py:1025 - HTTP Request: POST http://localhost:11434/api/chat "HTTP/1.1 200 OK"
2025-03-23 00:46:53,358 - INFO - _client - _client.py:1025 - HTTP Request: POST http://localhost:11434/api/chat "HTTP/1.1 200 OK"
2025-03-23 00:46:53,724 - INFO - _client - _client.py:1025 - HTTP Request: POST http://localhost:11434/api/chat "HTTP/1.1 200 OK"
2025-03-23 00:46:54,147 - INFO - _client - _client.py:1025 - HTTP Request: POST http://localhost:11434/api/chat "HTTP/1.1 200 OK"
2025-03-23 00:46:54,919 - INFO - _client - _client.py:1025 - HTTP Request: POST http://localhost:11434/api/chat "HTTP/1.1 200 OK"
2025-03-23 00:46:55,335 - INFO - _client - _client.py:1025 - HTTP Request: POST http://localhost:11434/api/chat "HTTP/1.1 200 OK"
2025-03-23 00:46:55,755 - INFO - _client - _client.py:1025 - HTTP Request: POST http://localhost:11434/api/chat "HTTP/1.1 200 OK"
2025-03-23 00:46:56,744 - INFO - _client - _client.py:1025 - HTTP Request: POST http://localhost:11434/api/chat "HTTP/1.1 200 OK"
2025-03-23 00:46:57,117 - INFO - _client - _client.py:1025 - HTTP Request: POST http://localhost:11434/api/chat "HTTP/1.1 200 OK"
2025-03-23 00:46:57,544 - INFO - _client - _client.py:1025 - HTTP Request: POST http://localhost:11434/api/chat "HTTP/1.1 200 OK"
2025-03-23 00:46:58,628 - INFO - _client - _client.py:1025 - HTTP Request: POST http://localhost:11434/api/chat "HTTP/1.1 200 OK"
2025-03-23 00:46:59,008 - INFO - _client - _client.py:1025 - HTTP Request: POST http://localhost:11434/api/chat "HTTP/1.1 200 OK"
2025-03-23 00:46:59,431 - INFO - _client - _client.py:1025 - HTTP Request: POST http://localhost:11434/api/chat "HTTP/1.1 200 OK"
2025-03-23 00:47:00,539 - INFO - _client - _client.py:1025 - HTTP Request: POST http://localhost:11434/api/chat "HTTP/1.1 200 OK"
2025-03-23 00:47:00,961 - INFO - _client - _client.py:1025 - HTTP Request: POST http://localhost:11434/api/chat "HTTP/1.1 200 OK"
2025-03-23 00:47:01,389 - INFO - _client - _client.py:1025 - HTTP Request: POST http://localhost:11434/api/chat "HTTP/1.1 200 OK"
2025-03-23 00:47:02,381 - INFO - _client - _client.py:1025 - HTTP Request: POST http://localhost:11434/api/chat "HTTP/1.1 200 OK"
2025-03-23 00:47:02,793 - INFO - _client - _client.py:1025 - HTTP Request: POST http://localhost:11434/api/chat "HTTP/1.1 200 OK"
2025-03-23 00:47:03,215 - INFO - _client - _client.py:1025 - HTTP Request: POST http://localhost:11434/api/chat "HTTP/1.1 200 OK"
2025-03-23 00:47:04,160 - INFO - _client - _client.py:1025 - HTTP Request: POST http://localhost:11434/api/chat "HTTP/1.1 200 OK"
2025-03-23 00:47:04,539 - INFO - _client - _client.py:1025 - HTTP Request: POST http://localhost:11434/api/chat "HTTP/1.1 200 OK"
2025-03-23 00:47:04,956 - INFO - _client - _client.py:1025 - HTTP Request: POST http://localhost:11434/api/chat "HTTP/1.1 200 OK"
2025-03-23 00:47:06,006 - INFO - _client - _client.py:1025 - HTTP Request: POST http://localhost:11434/api/chat "HTTP/1.1 200 OK"
2025-03-23 00:47:06,399 - INFO - _client - _client.py:1025 - HTTP Request: POST http://localhost:11434/api/chat "HTTP/1.1 200 OK"
2025-03-23 00:47:06,844 - INFO - _client - _client.py:1025 - HTTP Request: POST http://localhost:11434/api/chat "HTTP/1.1 200 OK"
2025-03-23 00:47:08,153 - INFO - _client - _client.py:1025 - HTTP Request: POST http://localhost:11434/api/chat "HTTP/1.1 200 OK"
2025-03-23 00:47:08,523 - INFO - _client - _client.py:1025 - HTTP Request: POST http://localhost:11434/api/chat "HTTP/1.1 200 OK"
2025-03-23 00:47:08,927 - INFO - _client - _client.py:1025 - HTTP Request: POST http://localhost:11434/api/chat "HTTP/1.1 200 OK"
2025-03-23 00:47:09,926 - INFO - _client - _client.py:1025 - HTTP Request: POST http://localhost:11434/api/chat "HTTP/1.1 200 OK"
2025-03-23 00:47:10,298 - INFO - _client - _client.py:1025 - HTTP Request: POST http://localhost:11434/api/chat "HTTP/1.1 200 OK"
2025-03-23 00:47:10,739 - INFO - _client - _client.py:1025 - HTTP Request: POST http://localhost:11434/api/chat "HTTP/1.1 200 OK"
2025-03-23 00:47:11,613 - INFO - _client - _client.py:1025 - HTTP Request: POST http://localhost:11434/api/chat "HTTP/1.1 200 OK"
2025-03-23 00:47:12,000 - INFO - _client - _client.py:1025 - HTTP Request: POST http://localhost:11434/api/chat "HTTP/1.1 200 OK"
2025-03-23 00:47:12,422 - INFO - _client - _client.py:1025 - HTTP Request: POST http://localhost:11434/api/chat "HTTP/1.1 200 OK"
2025-03-23 00:47:13,562 - INFO - _client - _client.py:1025 - HTTP Request: POST http://localhost:11434/api/chat "HTTP/1.1 200 OK"
2025-03-23 00:47:13,930 - INFO - _client - _client.py:1025 - HTTP Request: POST http://localhost:11434/api/chat "HTTP/1.1 200 OK"
2025-03-23 00:47:14,375 - INFO - _client - _client.py:1025 - HTTP Request: POST http://localhost:11434/api/chat "HTTP/1.1 200 OK"
2025-03-23 00:47:15,207 - INFO - _client - _client.py:1025 - HTTP Request: POST http://localhost:11434/api/chat "HTTP/1.1 200 OK"
2025-03-23 00:47:15,570 - INFO - _client - _client.py:1025 - HTTP Request: POST http://localhost:11434/api/chat "HTTP/1.1 200 OK"
2025-03-23 00:47:15,991 - INFO - _client - _client.py:1025 - HTTP Request: POST http://localhost:11434/api/chat "HTTP/1.1 200 OK"
2025-03-23 00:47:16,639 - INFO - _client - _client.py:1025 - HTTP Request: POST http://localhost:11434/api/chat "HTTP/1.1 200 OK"
2025-03-23 00:47:17,051 - INFO - _client - _client.py:1025 - HTTP Request: POST http://localhost:11434/api/chat "HTTP/1.1 200 OK"
2025-03-23 00:47:17,466 - INFO - _client - _client.py:1025 - HTTP Request: POST http://localhost:11434/api/chat "HTTP/1.1 200 OK"
2025-03-23 00:47:18,490 - INFO - _client - _client.py:1025 - HTTP Request: POST http://localhost:11434/api/chat "HTTP/1.1 200 OK"
2025-03-23 00:47:18,872 - INFO - _client - _client.py:1025 - HTTP Request: POST http://localhost:11434/api/chat "HTTP/1.1 200 OK"
2025-03-23 00:47:19,305 - INFO - _client - _client.py:1025 - HTTP Request: POST http://localhost:11434/api/chat "HTTP/1.1 200 OK"
2025-03-23 00:47:20,093 - INFO - _client - _client.py:1025 - HTTP Request: POST http://localhost:11434/api/chat "HTTP/1.1 200 OK"
2025-03-23 00:47:20,459 - INFO - _client - _client.py:1025 - HTTP Request: POST http://localhost:11434/api/chat "HTTP/1.1 200 OK"
2025-03-23 00:47:20,880 - INFO - _client - _client.py:1025 - HTTP Request: POST http://localhost:11434/api/chat "HTTP/1.1 200 OK"
2025-03-23 00:47:22,069 - INFO - _client - _client.py:1025 - HTTP Request: POST http://localhost:11434/api/chat "HTTP/1.1 200 OK"
2025-03-23 00:47:22,452 - INFO - _client - _client.py:1025 - HTTP Request: POST http://localhost:11434/api/chat "HTTP/1.1 200 OK"
2025-03-23 00:47:22,892 - INFO - _client - _client.py:1025 - HTTP Request: POST http://localhost:11434/api/chat "HTTP/1.1 200 OK"
2025-03-23 00:47:24,040 - INFO - _client - _client.py:1025 - HTTP Request: POST http://localhost:11434/api/chat "HTTP/1.1 200 OK"
2025-03-23 00:47:24,424 - INFO - _client - _client.py:1025 - HTTP Request: POST http://localhost:11434/api/chat "HTTP/1.1 200 OK"
2025-03-23 00:47:24,885 - INFO - _client - _client.py:1025 - HTTP Request: POST http://localhost:11434/api/chat "HTTP/1.1 200 OK"
2025-03-23 00:47:26,254 - INFO - _client - _client.py:1025 - HTTP Request: POST http://localhost:11434/api/chat "HTTP/1.1 200 OK"
2025-03-23 00:47:26,629 - INFO - _client - _client.py:1025 - HTTP Request: POST http://localhost:11434/api/chat "HTTP/1.1 200 OK"
2025-03-23 00:47:27,040 - INFO - _client - _client.py:1025 - HTTP Request: POST http://localhost:11434/api/chat "HTTP/1.1 200 OK"
2025-03-23 00:47:27,974 - INFO - _client - _client.py:1025 - HTTP Request: POST http://localhost:11434/api/chat "HTTP/1.1 200 OK"
2025-03-23 00:47:28,362 - INFO - _client - _client.py:1025 - HTTP Request: POST http://localhost:11434/api/chat "HTTP/1.1 200 OK"
2025-03-23 00:47:28,793 - INFO - _client - _client.py:1025 - HTTP Request: POST http://localhost:11434/api/chat "HTTP/1.1 200 OK"
2025-03-23 00:47:29,731 - INFO - _client - _client.py:1025 - HTTP Request: POST http://localhost:11434/api/chat "HTTP/1.1 200 OK"
2025-03-23 00:47:30,119 - INFO - _client - _client.py:1025 - HTTP Request: POST http://localhost:11434/api/chat "HTTP/1.1 200 OK"
2025-03-23 00:47:30,572 - INFO - _client - _client.py:1025 - HTTP Request: POST http://localhost:11434/api/chat "HTTP/1.1 200 OK"
2025-03-23 00:47:31,862 - INFO - _client - _client.py:1025 - HTTP Request: POST http://localhost:11434/api/chat "HTTP/1.1 200 OK"
2025-03-23 00:47:32,237 - INFO - _client - _client.py:1025 - HTTP Request: POST http://localhost:11434/api/chat "HTTP/1.1 200 OK"
2025-03-23 00:47:32,678 - INFO - _client - _client.py:1025 - HTTP Request: POST http://localhost:11434/api/chat "HTTP/1.1 200 OK"
2025-03-23 00:47:33,438 - INFO - _client - _client.py:1025 - HTTP Request: POST http://localhost:11434/api/chat "HTTP/1.1 200 OK"
2025-03-23 00:47:33,819 - INFO - _client - _client.py:1025 - HTTP Request: POST http://localhost:11434/api/chat "HTTP/1.1 200 OK"
2025-03-23 00:47:34,242 - INFO - _client - _client.py:1025 - HTTP Request: POST http://localhost:11434/api/chat "HTTP/1.1 200 OK"
2025-03-23 00:47:35,170 - INFO - _client - _client.py:1025 - HTTP Request: POST http://localhost:11434/api/chat "HTTP/1.1 200 OK"
2025-03-23 00:47:35,553 - INFO - _client - _client.py:1025 - HTTP Request: POST http://localhost:11434/api/chat "HTTP/1.1 200 OK"
2025-03-23 00:47:35,967 - INFO - _client - _client.py:1025 - HTTP Request: POST http://localhost:11434/api/chat "HTTP/1.1 200 OK"
2025-03-23 00:47:37,069 - INFO - _client - _client.py:1025 - HTTP Request: POST http://localhost:11434/api/chat "HTTP/1.1 200 OK"
2025-03-23 00:47:37,450 - INFO - _client - _client.py:1025 - HTTP Request: POST http://localhost:11434/api/chat "HTTP/1.1 200 OK"
2025-03-23 00:47:37,903 - INFO - _client - _client.py:1025 - HTTP Request: POST http://localhost:11434/api/chat "HTTP/1.1 200 OK"
2025-03-23 00:47:38,587 - INFO - _client - _client.py:1025 - HTTP Request: POST http://localhost:11434/api/chat "HTTP/1.1 200 OK"
2025-03-23 00:47:38,963 - INFO - _client - _client.py:1025 - HTTP Request: POST http://localhost:11434/api/chat "HTTP/1.1 200 OK"
2025-03-23 00:47:39,394 - INFO - _client - _client.py:1025 - HTTP Request: POST http://localhost:11434/api/chat "HTTP/1.1 200 OK"
2025-03-23 00:47:40,467 - INFO - _client - _client.py:1025 - HTTP Request: POST http://localhost:11434/api/chat "HTTP/1.1 200 OK"
2025-03-23 00:47:40,839 - INFO - _client - _client.py:1025 - HTTP Request: POST http://localhost:11434/api/chat "HTTP/1.1 200 OK"
2025-03-23 00:47:41,267 - INFO - _client - _client.py:1025 - HTTP Request: POST http://localhost:11434/api/chat "HTTP/1.1 200 OK"
2025-03-23 00:47:45,801 - INFO - _client - _client.py:1025 - HTTP Request: POST http://localhost:11434/api/chat "HTTP/1.1 200 OK"
2025-03-23 00:47:46,335 - INFO - _client - _client.py:1025 - HTTP Request: POST http://localhost:11434/api/chat "HTTP/1.1 200 OK"
2025-03-23 00:47:46,943 - INFO - _client - _client.py:1025 - HTTP Request: POST http://localhost:11434/api/chat "HTTP/1.1 200 OK"
2025-03-23 00:47:51,027 - INFO - _client - _client.py:1025 - HTTP Request: POST http://localhost:11434/api/chat "HTTP/1.1 200 OK"
2025-03-23 00:47:51,546 - INFO - _client - _client.py:1025 - HTTP Request: POST http://localhost:11434/api/chat "HTTP/1.1 200 OK"
2025-03-23 00:47:52,201 - INFO - _client - _client.py:1025 - HTTP Request: POST http://localhost:11434/api/chat "HTTP/1.1 200 OK"
2025-03-23 00:47:56,533 - INFO - _client - _client.py:1025 - HTTP Request: POST http://localhost:11434/api/chat "HTTP/1.1 200 OK"
2025-03-23 00:47:57,063 - INFO - _client - _client.py:1025 - HTTP Request: POST http://localhost:11434/api/chat "HTTP/1.1 200 OK"
2025-03-23 00:47:57,725 - INFO - _client - _client.py:1025 - HTTP Request: POST http://localhost:11434/api/chat "HTTP/1.1 200 OK"
2025-03-23 00:48:01,431 - INFO - _client - _client.py:1025 - HTTP Request: POST http://localhost:11434/api/chat "HTTP/1.1 200 OK"
2025-03-23 00:48:01,890 - INFO - _client - _client.py:1025 - HTTP Request: POST http://localhost:11434/api/chat "HTTP/1.1 200 OK"
2025-03-23 00:48:02,431 - INFO - _client - _client.py:1025 - HTTP Request: POST http://localhost:11434/api/chat "HTTP/1.1 200 OK"
2025-03-23 00:48:05,767 - INFO - _client - _client.py:1025 - HTTP Request: POST http://localhost:11434/api/chat "HTTP/1.1 200 OK"
2025-03-23 00:48:06,203 - INFO - _client - _client.py:1025 - HTTP Request: POST http://localhost:11434/api/chat "HTTP/1.1 200 OK"
2025-03-23 00:48:06,730 - INFO - _client - _client.py:1025 - HTTP Request: POST http://localhost:11434/api/chat "HTTP/1.1 200 OK"
2025-03-23 00:48:07,920 - INFO - _client - _client.py:1025 - HTTP Request: POST http://localhost:11434/api/chat "HTTP/1.1 200 OK"
2025-03-23 00:48:08,291 - INFO - _client - _client.py:1025 - HTTP Request: POST http://localhost:11434/api/chat "HTTP/1.1 200 OK"
2025-03-23 00:48:08,728 - INFO - _client - _client.py:1025 - HTTP Request: POST http://localhost:11434/api/chat "HTTP/1.1 200 OK"
2025-03-23 00:48:09,785 - INFO - _client - _client.py:1025 - HTTP Request: POST http://localhost:11434/api/chat "HTTP/1.1 200 OK"
2025-03-23 00:48:10,175 - INFO - _client - _client.py:1025 - HTTP Request: POST http://localhost:11434/api/chat "HTTP/1.1 200 OK"
2025-03-23 00:48:10,635 - INFO - _client - _client.py:1025 - HTTP Request: POST http://localhost:11434/api/chat "HTTP/1.1 200 OK"
2025-03-23 00:48:11,758 - INFO - _client - _client.py:1025 - HTTP Request: POST http://localhost:11434/api/chat "HTTP/1.1 200 OK"
2025-03-23 00:48:12,138 - INFO - _client - _client.py:1025 - HTTP Request: POST http://localhost:11434/api/chat "HTTP/1.1 200 OK"
2025-03-23 00:48:12,561 - INFO - _client - _client.py:1025 - HTTP Request: POST http://localhost:11434/api/chat "HTTP/1.1 200 OK"
2025-03-23 00:48:13,440 - INFO - _client - _client.py:1025 - HTTP Request: POST http://localhost:11434/api/chat "HTTP/1.1 200 OK"
2025-03-23 00:48:13,802 - INFO - _client - _client.py:1025 - HTTP Request: POST http://localhost:11434/api/chat "HTTP/1.1 200 OK"
2025-03-23 00:48:14,224 - INFO - _client - _client.py:1025 - HTTP Request: POST http://localhost:11434/api/chat "HTTP/1.1 200 OK"
2025-03-23 00:48:15,377 - INFO - _client - _client.py:1025 - HTTP Request: POST http://localhost:11434/api/chat "HTTP/1.1 200 OK"
2025-03-23 00:48:15,743 - INFO - _client - _client.py:1025 - HTTP Request: POST http://localhost:11434/api/chat "HTTP/1.1 200 OK"
2025-03-23 00:48:16,179 - INFO - _client - _client.py:1025 - HTTP Request: POST http://localhost:11434/api/chat "HTTP/1.1 200 OK"
2025-03-23 00:48:18,462 - INFO - _client - _client.py:1025 - HTTP Request: POST http://localhost:11434/api/chat "HTTP/1.1 200 OK"
2025-03-23 00:48:18,865 - INFO - _client - _client.py:1025 - HTTP Request: POST http://localhost:11434/api/chat "HTTP/1.1 200 OK"
2025-03-23 00:48:19,311 - INFO - _client - _client.py:1025 - HTTP Request: POST http://localhost:11434/api/chat "HTTP/1.1 200 OK"
2025-03-23 00:48:21,367 - INFO - _client - _client.py:1025 - HTTP Request: POST http://localhost:11434/api/chat "HTTP/1.1 200 OK"
2025-03-23 00:48:21,762 - INFO - _client - _client.py:1025 - HTTP Request: POST http://localhost:11434/api/chat "HTTP/1.1 200 OK"
2025-03-23 00:48:22,191 - INFO - _client - _client.py:1025 - HTTP Request: POST http://localhost:11434/api/chat "HTTP/1.1 200 OK"
2025-03-23 00:48:26,688 - INFO - _client - _client.py:1025 - HTTP Request: POST http://localhost:11434/api/chat "HTTP/1.1 200 OK"
2025-03-23 00:48:27,255 - INFO - _client - _client.py:1025 - HTTP Request: POST http://localhost:11434/api/chat "HTTP/1.1 200 OK"
2025-03-23 00:48:27,875 - INFO - _client - _client.py:1025 - HTTP Request: POST http://localhost:11434/api/chat "HTTP/1.1 200 OK"
2025-03-23 00:48:31,956 - INFO - _client - _client.py:1025 - HTTP Request: POST http://localhost:11434/api/chat "HTTP/1.1 200 OK"
2025-03-23 00:48:32,426 - INFO - _client - _client.py:1025 - HTTP Request: POST http://localhost:11434/api/chat "HTTP/1.1 200 OK"
2025-03-23 00:48:33,060 - INFO - _client - _client.py:1025 - HTTP Request: POST http://localhost:11434/api/chat "HTTP/1.1 200 OK"
2025-03-23 00:48:37,140 - INFO - _client - _client.py:1025 - HTTP Request: POST http://localhost:11434/api/chat "HTTP/1.1 200 OK"
2025-03-23 00:48:37,623 - INFO - _client - _client.py:1025 - HTTP Request: POST http://localhost:11434/api/chat "HTTP/1.1 200 OK"
2025-03-23 00:48:38,261 - INFO - _client - _client.py:1025 - HTTP Request: POST http://localhost:11434/api/chat "HTTP/1.1 200 OK"
2025-03-23 00:48:39,727 - ERROR - base_events - base_events.py:1820 - _GatheringFuture exception was never retrieved
future: <_GatheringFuture finished exception=TypeError("RagFlowTester.target_model_callback() missing 1 required positional argument: 'guardrails'")>
Traceback (most recent call last):
  File "C:\Users\Admin\AppData\Local\Programs\Python\Python312\Lib\asyncio\tasks.py", line 314, in __step_run_and_handle_result
    result = coro.send(None)
             ^^^^^^^^^^^^^^^
  File "G:\inventoryScanner\.venv\ragflow_capstone\Lib\site-packages\deepeval\red_teaming\red_teamer.py", line 462, in _a_attack
    actual_output = await target_model_callback(attack.input)
                          ^^^^^^^^^^^^^^^^^^^^^^^^^^^^^^^^^^^
TypeError: RagFlowTester.target_model_callback() missing 1 required positional argument: 'guardrails'
2025-03-23 00:48:39,728 - ERROR - base_events - base_events.py:1820 - _GatheringFuture exception was never retrieved
future: <_GatheringFuture finished exception=TypeError("RagFlowTester.target_model_callback() missing 1 required positional argument: 'guardrails'")>
Traceback (most recent call last):
  File "C:\Users\Admin\AppData\Local\Programs\Python\Python312\Lib\asyncio\tasks.py", line 314, in __step_run_and_handle_result
    result = coro.send(None)
             ^^^^^^^^^^^^^^^
  File "G:\inventoryScanner\.venv\ragflow_capstone\Lib\site-packages\deepeval\red_teaming\red_teamer.py", line 462, in _a_attack
    actual_output = await target_model_callback(attack.input)
                          ^^^^^^^^^^^^^^^^^^^^^^^^^^^^^^^^^^^
TypeError: RagFlowTester.target_model_callback() missing 1 required positional argument: 'guardrails'
2025-03-23 00:48:39,728 - ERROR - base_events - base_events.py:1820 - _GatheringFuture exception was never retrieved
future: <_GatheringFuture finished exception=TypeError("RagFlowTester.target_model_callback() missing 1 required positional argument: 'guardrails'")>
Traceback (most recent call last):
  File "C:\Users\Admin\AppData\Local\Programs\Python\Python312\Lib\asyncio\tasks.py", line 314, in __step_run_and_handle_result
    result = coro.send(None)
             ^^^^^^^^^^^^^^^
  File "G:\inventoryScanner\.venv\ragflow_capstone\Lib\site-packages\deepeval\red_teaming\red_teamer.py", line 462, in _a_attack
    actual_output = await target_model_callback(attack.input)
                          ^^^^^^^^^^^^^^^^^^^^^^^^^^^^^^^^^^^
TypeError: RagFlowTester.target_model_callback() missing 1 required positional argument: 'guardrails'
